Теория: 860 минут 44% 
Практика: 540 минут 28% 
Итоги: 200 минут 10% 
Отдых: 360 минут 18% 

Теория: 
While, do while, for: 100 минут 12%
Введение: 100 минут 12%
Введение в ООП: 60 минут 7%
Массивы: 115 минут 13%
Операции: 55 минут 6%
Переменные: 60 минут 7%
Строки: 155 минут 18%
Условные операторы: 100 минут 12%
Функции: 55 минут 6%
Циклы: 60 минут 7%

Практика: 
Упражнения: 540 минут 100%

Итоги: 
Решения: 200 минут 100%

Отдых: 
Обеденный перерыв: 240 минут 67%
Перерыв: 40 минут 11%
Перерыв на кофе: 80 минут 22%

