09:20 Введение
11:00 Упражнения
11:15 Перерыв на кофе
11:35 Операции
12:30 Обеденный перерыв
13:30 Упражнения
14:10 Решения
14:30 Перерыв
14:40 Переменные
15:40 Упражнения
17:00 Решения
17:30 Конец

09:20 Условные операторы
11:00 Упражнения
11:15 Перерыв на кофе
11:35 Функции
12:30 Обеденный перерыв
13:30 Упражнения
14:10 Решения
14:30 Перерыв
14:40 Циклы
15:40 Упражнения
17:00 Решения
17:30 Конец

09:20 While, do while, for
11:00 Упражнения
11:15 Перерыв на кофе
11:35 Массивы
12:30 Обеденный перерыв
13:30 Упражнения
14:10 Решения
14:30 Перерыв
14:40 Массивы
15:40 Упражнения
17:00 Решения
17:30 Конец

09:20 Строки
11:00 Упражнения
11:15 Перерыв на кофе
11:35 Строки
12:30 Обеденный перерыв
13:30 Упражнения
14:10 Решения
14:30 Перерыв
14:40 Введение в ООП
15:40 Упражнения
17:00 Решения
17:30 Конец