09:20-11:00 Введение
11:00-11:15 Упражнения
11:15-11:35 Перерыв на кофе
11:35-12:30 Операции
12:30-13:30 Обеденный перерыв
13:30-14:10 Упражнения
14:10-14:30 Решения
14:30-14:40 Перерыв
14:40-15:40 Переменные
15:40-17:00 Упражнения
17:00-17:30 Решения
17:30 Конец

09:20-11:00 Условные операторы
11:00-11:15 Упражнения
11:15-11:35 Перерыв на кофе
11:35-12:30 Функции
12:30-13:30 Обеденный перерыв
13:30-14:10 Упражнения
14:10-14:30 Решения
14:30-14:40 Перерыв
14:40-15:40 Циклы
15:40-17:00 Упражнения
17:00-17:30 Решения
17:30 Конец

09:20-11:00 While, do while, for
11:00-11:15 Упражнения
11:15-11:35 Перерыв на кофе
11:35-12:30 Массивы
12:30-13:30 Обеденный перерыв
13:30-14:10 Упражнения
14:10-14:30 Решения
14:30-14:40 Перерыв
14:40-15:40 Массивы
15:40-17:00 Упражнения
17:00-17:30 Решения
17:30 Конец

09:20-11:00 Строки
11:00-11:15 Упражнения
11:15-11:35 Перерыв на кофе
11:35-12:30 Строки
12:30-13:30 Обеденный перерыв
13:30-14:10 Упражнения
14:10-14:30 Решения
14:30-14:40 Перерыв
14:40-15:40 Введение в ООП
15:40-17:00 Упражнения
17:00-17:30 Решения
17:30 Конец

